This is pdfTeX, Version 3.141592653-2.6-1.40.24 (TeX Live 2022) (preloaded format=pdflatex 2022.7.12)  22 JUL 2022 16:01
entering extended mode
 restricted \write18 enabled.
 %&-line parsing enabled.
**labA.tex
(./labA.tex
LaTeX2e <2022-06-01> patch level 5
L3 programming layer <2022-07-04>
(c:/texlive/2022/texmf-dist/tex/latex/base/article.cls
Document Class: article 2021/10/04 v1.4n Standard LaTeX document class
(c:/texlive/2022/texmf-dist/tex/latex/base/size10.clo
File: size10.clo 2021/10/04 v1.4n Standard LaTeX file (size option)
)
\c@part=\count185
\c@section=\count186
\c@subsection=\count187
\c@subsubsection=\count188
\c@paragraph=\count189
\c@subparagraph=\count190
\c@figure=\count191
\c@table=\count192
\abovecaptionskip=\skip47
\belowcaptionskip=\skip48
\bibindent=\dimen138
)
(c:/texlive/2022/texmf-dist/tex/latex/amsmath/amsmath.sty
Package: amsmath 2022/04/08 v2.17n AMS math features
\@mathmargin=\skip49

For additional information on amsmath, use the `?' option.
(c:/texlive/2022/texmf-dist/tex/latex/amsmath/amstext.sty
Package: amstext 2021/08/26 v2.01 AMS text

(c:/texlive/2022/texmf-dist/tex/latex/amsmath/amsgen.sty
File: amsgen.sty 1999/11/30 v2.0 generic functions
\@emptytoks=\toks16
\ex@=\dimen139
))
(c:/texlive/2022/texmf-dist/tex/latex/amsmath/amsbsy.sty
Package: amsbsy 1999/11/29 v1.2d Bold Symbols
\pmbraise@=\dimen140
)
(c:/texlive/2022/texmf-dist/tex/latex/amsmath/amsopn.sty
Package: amsopn 2022/04/08 v2.04 operator names
)
\inf@bad=\count193
LaTeX Info: Redefining \frac on input line 234.
\uproot@=\count194
\leftroot@=\count195
LaTeX Info: Redefining \overline on input line 399.
LaTeX Info: Redefining \colon on input line 410.
\classnum@=\count196
\DOTSCASE@=\count197
LaTeX Info: Redefining \ldots on input line 496.
LaTeX Info: Redefining \dots on input line 499.
LaTeX Info: Redefining \cdots on input line 620.
\Mathstrutbox@=\box51
\strutbox@=\box52
LaTeX Info: Redefining \big on input line 722.
LaTeX Info: Redefining \Big on input line 723.
LaTeX Info: Redefining \bigg on input line 724.
LaTeX Info: Redefining \Bigg on input line 725.
\big@size=\dimen141
LaTeX Font Info:    Redeclaring font encoding OML on input line 743.
LaTeX Font Info:    Redeclaring font encoding OMS on input line 744.
\macc@depth=\count198
LaTeX Info: Redefining \bmod on input line 905.
LaTeX Info: Redefining \pmod on input line 910.
LaTeX Info: Redefining \smash on input line 940.
LaTeX Info: Redefining \relbar on input line 970.
LaTeX Info: Redefining \Relbar on input line 971.
\c@MaxMatrixCols=\count199
\dotsspace@=\muskip16
\c@parentequation=\count266
\dspbrk@lvl=\count267
\tag@help=\toks17
\row@=\count268
\column@=\count269
\maxfields@=\count270
\andhelp@=\toks18
\eqnshift@=\dimen142
\alignsep@=\dimen143
\tagshift@=\dimen144
\tagwidth@=\dimen145
\totwidth@=\dimen146
\lineht@=\dimen147
\@envbody=\toks19
\multlinegap=\skip50
\multlinetaggap=\skip51
\mathdisplay@stack=\toks20
LaTeX Info: Redefining \[ on input line 2953.
LaTeX Info: Redefining \] on input line 2954.
)
(c:/texlive/2022/texmf-dist/tex/latex/amsfonts/amsfonts.sty
Package: amsfonts 2013/01/14 v3.01 Basic AMSFonts support
\symAMSa=\mathgroup4
\symAMSb=\mathgroup5
LaTeX Font Info:    Redeclaring math symbol \hbar on input line 98.
LaTeX Font Info:    Overwriting math alphabet `\mathfrak' in version `bold'
(Font)                  U/euf/m/n --> U/euf/b/n on input line 106.
)
(c:/texlive/2022/texmf-dist/tex/latex/graphics/graphics.sty
Package: graphics 2022/03/10 v1.4e Standard LaTeX Graphics (DPC,SPQR)

(c:/texlive/2022/texmf-dist/tex/latex/graphics/trig.sty
Package: trig 2021/08/11 v1.11 sin cos tan (DPC)
)
(c:/texlive/2022/texmf-dist/tex/latex/graphics-cfg/graphics.cfg
File: graphics.cfg 2016/06/04 v1.11 sample graphics configuration
)
Package graphics Info: Driver file: pdftex.def on input line 107.

(c:/texlive/2022/texmf-dist/tex/latex/graphics-def/pdftex.def
File: pdftex.def 2020/10/05 v1.2a Graphics/color driver for pdftex
))
(c:/texlive/2022/texmf-dist/tex/latex/eepic/epic.sty
Enhancements to Picture Environment. Version 1.2 - Released June 1, 1986
\@@multicnt=\count271
\d@lta=\count272
\@delta=\dimen148
\@@delta=\dimen149
\@gridcnt=\count273
\@joinkind=\count274
\@dotgap=\dimen150
\@ddotgap=\dimen151
\@x@diff=\count275
\@y@diff=\count276
\x@diff=\dimen152
\y@diff=\dimen153
\@dotbox=\box53
\num@segments=\count277
\num@segmentsi=\count278
\@datafile=\read2
) (c:/texlive/2022/texmf-dist/tex/latex/eepic/eepic.sty
Extension to Epic and LaTeX. Version 1.1e - Released Dec 21, 1999
\@gphlinewidth=\count279
\@eepictcnt=\count280
\@tempdimc=\dimen154
\maxovaldiam=\dimen155
\@filltype=\box54
) (c:/texlive/2022/texmf-dist/tex/latex/l3backend/l3backend-pdftex.def
File: l3backend-pdftex.def 2022-07-01 L3 backend support: PDF output (pdfTeX)
\l__color_backend_stack_int=\count281
\l__pdf_internal_box=\box55
)
(./labA.aux)
\openout1 = `labA.aux'.

LaTeX Font Info:    Checking defaults for OML/cmm/m/it on input line 19.
LaTeX Font Info:    ... okay on input line 19.
LaTeX Font Info:    Checking defaults for OMS/cmsy/m/n on input line 19.
LaTeX Font Info:    ... okay on input line 19.
LaTeX Font Info:    Checking defaults for OT1/cmr/m/n on input line 19.
LaTeX Font Info:    ... okay on input line 19.
LaTeX Font Info:    Checking defaults for T1/cmr/m/n on input line 19.
LaTeX Font Info:    ... okay on input line 19.
LaTeX Font Info:    Checking defaults for TS1/cmr/m/n on input line 19.
LaTeX Font Info:    ... okay on input line 19.
LaTeX Font Info:    Checking defaults for OMX/cmex/m/n on input line 19.
LaTeX Font Info:    ... okay on input line 19.
LaTeX Font Info:    Checking defaults for U/cmr/m/n on input line 19.
LaTeX Font Info:    ... okay on input line 19.
 (c:/texlive/2022/texmf-dist/tex/context/base/mkii/supp-pdf.mkii
[Loading MPS to PDF converter (version 2006.09.02).]
\scratchcounter=\count282
\scratchdimen=\dimen156
\scratchbox=\box56
\nofMPsegments=\count283
\nofMParguments=\count284
\everyMPshowfont=\toks21
\MPscratchCnt=\count285
\MPscratchDim=\dimen157
\MPnumerator=\count286
\makeMPintoPDFobject=\count287
\everyMPtoPDFconversion=\toks22
) (c:/texlive/2022/texmf-dist/tex/latex/epstopdf-pkg/epstopdf-base.sty
Package: epstopdf-base 2020-01-24 v2.11 Base part for package epstopdf
Package epstopdf-base Info: Redefining graphics rule for `.eps' on input line 4
85.

(c:/texlive/2022/texmf-dist/tex/latex/latexconfig/epstopdf-sys.cfg
File: epstopdf-sys.cfg 2010/07/13 v1.3 Configuration of (r)epstopdf for TeX Liv
e
))
LaTeX Font Info:    Trying to load font information for U+msa on input line 52.


(c:/texlive/2022/texmf-dist/tex/latex/amsfonts/umsa.fd
File: umsa.fd 2013/01/14 v3.01 AMS symbols A
)
LaTeX Font Info:    Trying to load font information for U+msb on input line 52.


(c:/texlive/2022/texmf-dist/tex/latex/amsfonts/umsb.fd
File: umsb.fd 2013/01/14 v3.01 AMS symbols B
) [1

{c:/texlive/2022/texmf-var/fonts/map/pdftex/updmap/pdftex.map}] [2] [3] [4] [5]
 [6] [7] [8] [9]
[10] [11] [12] [13] [14] [15] [16] [17] [18] [19
Non-PDF special ignored!
<special> pn 5
Non-PDF special ignored!
<special> pa 0 0
Non-PDF special ignored!
<special> pa 315 0
Non-PDF special ignored!
<special> fp
Non-PDF special ignored!
<special> pn 5
Non-PDF special ignored!
<special> pa 315 0
Non-PDF special ignored!
<special> pa 157 -220
Non-PDF special ignored!
<special> fp
Non-PDF special ignored!
<special> pn 5
Non-PDF special ignored!
<special> pa 157 -220
Non-PDF special ignored!
<special> pa 0 0
Non-PDF special ignored!
<special> fp
Non-PDF special ignored!
<special> pn 5
Non-PDF special ignored!
<special> pa 472 -79
Non-PDF special ignored!
<special> pa 630 -315
Non-PDF special ignored!
<special> fp
Non-PDF special ignored!
<special> pn 5
Non-PDF special ignored!
<special> pa 630 -315
Non-PDF special ignored!
<special> pa 709 78
Non-PDF special ignored!
<special> fp
Non-PDF special ignored!
<special> pn 5
Non-PDF special ignored!
<special> pa 709 78
Non-PDF special ignored!
<special> pa 472 -79
Non-PDF special ignored!
<special> fp
Non-PDF special ignored!
<special> pn 5
Non-PDF special ignored!
<special> pa 866 78
Non-PDF special ignored!
<special> pa 1024 -315
Non-PDF special ignored!
<special> fp
Non-PDF special ignored!
<special> pn 5
Non-PDF special ignored!
<special> pa 1024 -315
Non-PDF special ignored!
<special> pa 1102 -79
Non-PDF special ignored!
<special> fp
Non-PDF special ignored!
<special> pn 5
Non-PDF special ignored!
<special> pa 1102 -79
Non-PDF special ignored!
<special> pa 866 78
Non-PDF special ignored!
<special> fp
Non-PDF special ignored!
<special> pn 5
Non-PDF special ignored!
<special> pa 1260 -220
Non-PDF special ignored!
<special> pa 1575 -220
Non-PDF special ignored!
<special> fp
Non-PDF special ignored!
<special> pn 5
Non-PDF special ignored!
<special> pa 1575 -220
Non-PDF special ignored!
<special> pa 1417 0
Non-PDF special ignored!
<special> fp
Non-PDF special ignored!
<special> pn 5
Non-PDF special ignored!
<special> pa 1417 0
Non-PDF special ignored!
<special> pa 1260 -220
Non-PDF special ignored!
<special> fp
] [20] [21] [22] [23] [24] [25] [26] [27] [28] [29] [30] [31] [32] [33]
[34] [35]
Overfull \hbox (138.01382pt too wide) in alignment at lines 1932--1938
 [][][] []
 []


Overfull \hbox (191.7568pt too wide) in alignment at lines 1941--1973
 [][][] []
 []

[36] [37]
Overfull \hbox (96.79153pt too wide) in alignment at lines 2073--2086
 [][][] []
 []

[38] [39]
Overfull \hbox (6.35173pt too wide) in alignment at lines 2173--2185
 [][][] []
 []

[40]
Overfull \hbox (18.9745pt too wide) in alignment at lines 2197--2203
 [][][] []
 []


Overfull \hbox (19.193pt too wide) detected at line 2218
\OML/cmm/m/it/10 a[] \OT1/cmr/m/n/10 + \OML/cmm/m/it/10 ^^Ns \OMS/cmsy/m/n/10 ^
^@ []\OT1/cmr/m/n/10 (\OML/cmm/m/it/10 x[] \OMS/cmsy/m/n/10 ^^@ \OML/cmm/m/it/1
0 x[]; y[] \OMS/cmsy/m/n/10 ^^@ \OML/cmm/m/it/10 y[]\OT1/cmr/m/n/10 ) = [] [] \
OML/cmm/m/it/10 :
 []

[41] [42] [43] [44] [45] [46] [47] [48] [49] [50] [51] [52] [53] [54] [55]
(./labA.aux) ) 
Here is how much of TeX's memory you used:
 2186 strings out of 478024
 32813 string characters out of 5842695
 352994 words of memory out of 5000000
 20644 multiletter control sequences out of 15000+600000
 473961 words of font info for 47 fonts, out of 8000000 for 9000
 1141 hyphenation exceptions out of 8191
 54i,9n,62p,221b,229s stack positions out of 10000i,1000n,20000p,200000b,200000s
{c:/texlive/2022/texmf-dist/fonts/enc/dvips/cm-super/cm-super-ts1
.enc}<c:/texlive/2022/texmf-dist/fonts/type1/public/amsfonts/cm/cmbx10.pfb><c:/
texlive/2022/texmf-dist/fonts/type1/public/amsfonts/cm/cmbx12.pfb><c:/texlive/2
022/texmf-dist/fonts/type1/public/amsfonts/cm/cmex10.pfb><c:/texlive/2022/texmf
-dist/fonts/type1/public/amsfonts/cm/cmmi10.pfb><c:/texlive/2022/texmf-dist/fon
ts/type1/public/amsfonts/cm/cmmi7.pfb><c:/texlive/2022/texmf-dist/fonts/type1/p
ublic/amsfonts/cm/cmr10.pfb><c:/texlive/2022/texmf-dist/fonts/type1/public/amsf
onts/cm/cmr5.pfb><c:/texlive/2022/texmf-dist/fonts/type1/public/amsfonts/cm/cmr
7.pfb><c:/texlive/2022/texmf-dist/fonts/type1/public/amsfonts/cm/cmsy10.pfb><c:
/texlive/2022/texmf-dist/fonts/type1/public/amsfonts/cm/cmsy7.pfb><c:/texlive/2
022/texmf-dist/fonts/type1/public/amsfonts/cm/cmti10.pfb><c:/texlive/2022/texmf
-dist/fonts/type1/public/amsfonts/cm/cmtt10.pfb><c:/texlive/2022/texmf-dist/fon
ts/type1/public/amsfonts/cm/cmtt12.pfb><c:/texlive/2022/texmf-dist/fonts/type1/
public/amsfonts/cm/cmtt8.pfb><c:/texlive/2022/texmf-dist/fonts/type1/public/ams
fonts/symbols/msbm10.pfb><c:/texlive/2022/texmf-dist/fonts/type1/public/cm-supe
r/sfrm1000.pfb>
Output written on labA.pdf (55 pages, 354012 bytes).
PDF statistics:
 264 PDF objects out of 1000 (max. 8388607)
 173 compressed objects within 2 object streams
 0 named destinations out of 1000 (max. 500000)
 1 words of extra memory for PDF output out of 10000 (max. 10000000)

